-------------------------------------------------------------------------------
Test set: com.example.CursoTest
-------------------------------------------------------------------------------
Tests run: 1, Failures: 0, Errors: 1, Skipped: 0, Time elapsed: 1.454 s <<< FAILURE! -- in com.example.CursoTest
com.example.CursoTest.cadastrar -- Time elapsed: 1.359 s <<< ERROR!
java.lang.ExceptionInInitializerError
	at java.base/jdk.internal.reflect.NativeConstructorAccessorImpl.newInstance0(Native Method)
	at java.base/jdk.internal.reflect.NativeConstructorAccessorImpl.newInstance(NativeConstructorAccessorImpl.java:77)
	at java.base/jdk.internal.reflect.DelegatingConstructorAccessorImpl.newInstance(DelegatingConstructorAccessorImpl.java:45)
	at java.base/java.lang.reflect.Constructor.newInstanceWithCaller(Constructor.java:499)
	at java.base/java.lang.reflect.Constructor.newInstance(Constructor.java:480)
	at org.hibernate.ogm.dialect.impl.GridDialectInitiator$GridDialectInstantiator.newInstance(GridDialectInitiator.java:95)
	at org.hibernate.ogm.dialect.impl.GridDialectInitiator$GridDialectInstantiator.newInstance(GridDialectInitiator.java:66)
	at org.hibernate.ogm.util.configurationreader.impl.DefaultClassPropertyReaderContext.getDefaultValue(DefaultClassPropertyReaderContext.java:117)
	at org.hibernate.ogm.util.configurationreader.impl.DefaultClassPropertyReaderContext.getTypedValue(DefaultClassPropertyReaderContext.java:87)
	at org.hibernate.ogm.util.configurationreader.impl.PropertyReaderContextBase.getValue(PropertyReaderContextBase.java:98)
	at org.hibernate.ogm.util.configurationreader.impl.DefaultClassPropertyReaderContext.getValue(DefaultClassPropertyReaderContext.java:29)
	at org.hibernate.ogm.dialect.impl.GridDialectInitiator.initiateService(GridDialectInitiator.java:63)
	at org.hibernate.ogm.dialect.impl.GridDialectInitiator.initiateService(GridDialectInitiator.java:36)
	at org.hibernate.boot.registry.internal.StandardServiceRegistryImpl.initiateService(StandardServiceRegistryImpl.java:94)
	at org.hibernate.service.internal.AbstractServiceRegistryImpl.createService(AbstractServiceRegistryImpl.java:263)
	at org.hibernate.service.internal.AbstractServiceRegistryImpl.initializeService(AbstractServiceRegistryImpl.java:237)
	at org.hibernate.service.internal.AbstractServiceRegistryImpl.getService(AbstractServiceRegistryImpl.java:214)
	at org.hibernate.ogm.dialect.eventstate.impl.EventStateLifecycles$OperationsQueueLifecycle.mustBeEnabled(EventStateLifecycles.java:94)
	at org.hibernate.ogm.dialect.eventstate.impl.EventStateLifecycles.getEnabledLifecycles(EventStateLifecycles.java:51)
	at org.hibernate.ogm.dialect.eventstate.impl.EventContextManager.injectServices(EventContextManager.java:51)
	at org.hibernate.service.internal.AbstractServiceRegistryImpl.injectDependencies(AbstractServiceRegistryImpl.java:286)
	at org.hibernate.service.internal.AbstractServiceRegistryImpl.initializeService(AbstractServiceRegistryImpl.java:243)
	at org.hibernate.service.internal.AbstractServiceRegistryImpl.getService(AbstractServiceRegistryImpl.java:214)
	at org.hibernate.ogm.dialect.impl.GridDialectInitiator.initiateService(GridDialectInitiator.java:55)
	at org.hibernate.ogm.dialect.impl.GridDialectInitiator.initiateService(GridDialectInitiator.java:36)
	at org.hibernate.boot.registry.internal.StandardServiceRegistryImpl.initiateService(StandardServiceRegistryImpl.java:94)
	at org.hibernate.service.internal.AbstractServiceRegistryImpl.createService(AbstractServiceRegistryImpl.java:263)
	at org.hibernate.service.internal.AbstractServiceRegistryImpl.initializeService(AbstractServiceRegistryImpl.java:237)
	at org.hibernate.service.internal.AbstractServiceRegistryImpl.getService(AbstractServiceRegistryImpl.java:214)
	at org.hibernate.ogm.dialect.impl.OgmDialectFactoryInitiator$OgmDialectFactory.<init>(OgmDialectFactoryInitiator.java:44)
	at org.hibernate.ogm.dialect.impl.OgmDialectFactoryInitiator.initiateService(OgmDialectFactoryInitiator.java:31)
	at org.hibernate.ogm.dialect.impl.OgmDialectFactoryInitiator.initiateService(OgmDialectFactoryInitiator.java:25)
	at org.hibernate.boot.registry.internal.StandardServiceRegistryImpl.initiateService(StandardServiceRegistryImpl.java:94)
	at org.hibernate.service.internal.AbstractServiceRegistryImpl.createService(AbstractServiceRegistryImpl.java:263)
	at org.hibernate.service.internal.AbstractServiceRegistryImpl.initializeService(AbstractServiceRegistryImpl.java:237)
	at org.hibernate.service.internal.AbstractServiceRegistryImpl.getService(AbstractServiceRegistryImpl.java:214)
	at org.hibernate.engine.jdbc.env.internal.JdbcEnvironmentInitiator.initiateService(JdbcEnvironmentInitiator.java:50)
	at org.hibernate.engine.jdbc.env.internal.JdbcEnvironmentInitiator.initiateService(JdbcEnvironmentInitiator.java:35)
	at org.hibernate.boot.registry.internal.StandardServiceRegistryImpl.initiateService(StandardServiceRegistryImpl.java:94)
	at org.hibernate.service.internal.AbstractServiceRegistryImpl.createService(AbstractServiceRegistryImpl.java:263)
	at org.hibernate.service.internal.AbstractServiceRegistryImpl.initializeService(AbstractServiceRegistryImpl.java:237)
	at org.hibernate.service.internal.AbstractServiceRegistryImpl.getService(AbstractServiceRegistryImpl.java:214)
	at org.hibernate.id.factory.internal.DefaultIdentifierGeneratorFactory.injectServices(DefaultIdentifierGeneratorFactory.java:152)
	at org.hibernate.service.internal.AbstractServiceRegistryImpl.injectDependencies(AbstractServiceRegistryImpl.java:286)
	at org.hibernate.service.internal.AbstractServiceRegistryImpl.initializeService(AbstractServiceRegistryImpl.java:243)
	at org.hibernate.service.internal.AbstractServiceRegistryImpl.getService(AbstractServiceRegistryImpl.java:214)
	at org.hibernate.boot.internal.InFlightMetadataCollectorImpl.<init>(InFlightMetadataCollectorImpl.java:179)
	at org.hibernate.boot.model.process.spi.MetadataBuildingProcess.complete(MetadataBuildingProcess.java:119)
	at org.hibernate.jpa.boot.internal.EntityManagerFactoryBuilderImpl.metadata(EntityManagerFactoryBuilderImpl.java:904)
	at org.hibernate.jpa.boot.internal.EntityManagerFactoryBuilderImpl.build(EntityManagerFactoryBuilderImpl.java:935)
	at org.hibernate.jpa.HibernatePersistenceProvider.createEntityManagerFactory(HibernatePersistenceProvider.java:56)
	at org.hibernate.ogm.jpa.HibernateOgmPersistence.createEntityManagerFactory(HibernateOgmPersistence.java:57)
	at javax.persistence.Persistence.createEntityManagerFactory(Persistence.java:79)
	at javax.persistence.Persistence.createEntityManagerFactory(Persistence.java:54)
	at com.example.dao.CursoDao.cadastrar(CursoDao.java:21)
	at com.example.CursoTest.cadastrar(CursoTest.java:25)
	at java.base/jdk.internal.reflect.NativeMethodAccessorImpl.invoke0(Native Method)
	at java.base/jdk.internal.reflect.NativeMethodAccessorImpl.invoke(NativeMethodAccessorImpl.java:77)
	at java.base/jdk.internal.reflect.DelegatingMethodAccessorImpl.invoke(DelegatingMethodAccessorImpl.java:43)
	at java.base/java.lang.reflect.Method.invoke(Method.java:568)
	at org.junit.runners.model.FrameworkMethod$1.runReflectiveCall(FrameworkMethod.java:50)
	at org.junit.internal.runners.model.ReflectiveCallable.run(ReflectiveCallable.java:12)
	at org.junit.runners.model.FrameworkMethod.invokeExplosively(FrameworkMethod.java:47)
	at org.junit.internal.runners.statements.InvokeMethod.evaluate(InvokeMethod.java:17)
	at org.junit.runners.ParentRunner.runLeaf(ParentRunner.java:325)
	at org.junit.runners.BlockJUnit4ClassRunner.runChild(BlockJUnit4ClassRunner.java:78)
	at org.junit.runners.BlockJUnit4ClassRunner.runChild(BlockJUnit4ClassRunner.java:57)
	at org.junit.runners.ParentRunner$3.run(ParentRunner.java:290)
	at org.junit.runners.ParentRunner$1.schedule(ParentRunner.java:71)
	at org.junit.runners.ParentRunner.runChildren(ParentRunner.java:288)
	at org.junit.runners.ParentRunner.access$000(ParentRunner.java:58)
	at org.junit.runners.ParentRunner$2.evaluate(ParentRunner.java:268)
	at org.junit.runners.ParentRunner.run(ParentRunner.java:363)
	at org.apache.maven.surefire.junit4.JUnit4Provider.execute(JUnit4Provider.java:316)
	at org.apache.maven.surefire.junit4.JUnit4Provider.executeWithRerun(JUnit4Provider.java:240)
	at org.apache.maven.surefire.junit4.JUnit4Provider.executeTestSet(JUnit4Provider.java:214)
	at org.apache.maven.surefire.junit4.JUnit4Provider.invoke(JUnit4Provider.java:155)
	at org.apache.maven.surefire.booter.ForkedBooter.runSuitesInProcess(ForkedBooter.java:385)
	at org.apache.maven.surefire.booter.ForkedBooter.execute(ForkedBooter.java:162)
	at org.apache.maven.surefire.booter.ForkedBooter.run(ForkedBooter.java:507)
	at org.apache.maven.surefire.booter.ForkedBooter.main(ForkedBooter.java:495)
Caused by: java.lang.RuntimeException: Error creating extended parser class: Could not determine whether class 'org.hibernate.ogm.datastore.mongodb.query.parsing.nativequery.impl.NativeQueryParser$$parboiled' has already been loaded
	at org.parboiled.Parboiled.createParser(Parboiled.java:58)
	at org.hibernate.ogm.datastore.mongodb.MongoDBDialect.<clinit>(MongoDBDialect.java:218)
	... 81 more
Caused by: java.lang.RuntimeException: Could not determine whether class 'org.hibernate.ogm.datastore.mongodb.query.parsing.nativequery.impl.NativeQueryParser$$parboiled' has already been loaded
	at org.parboiled.transform.AsmUtils.findLoadedClass(AsmUtils.java:217)
	at org.parboiled.transform.ParserTransformer.transformParser(ParserTransformer.java:35)
	at org.parboiled.Parboiled.createParser(Parboiled.java:54)
	... 82 more
Caused by: java.lang.reflect.InaccessibleObjectException: Unable to make protected final java.lang.Class java.lang.ClassLoader.findLoadedClass(java.lang.String) accessible: module java.base does not "opens java.lang" to unnamed module @6a4f787b
	at java.base/java.lang.reflect.AccessibleObject.checkCanSetAccessible(AccessibleObject.java:354)
	at java.base/java.lang.reflect.AccessibleObject.checkCanSetAccessible(AccessibleObject.java:297)
	at java.base/java.lang.reflect.Method.checkCanSetAccessible(Method.java:199)
	at java.base/java.lang.reflect.Method.setAccessible(Method.java:193)
	at org.parboiled.transform.AsmUtils.findLoadedClass(AsmUtils.java:210)
	... 84 more

